[27-11-24 09:26] [INFO] - Start transposenet with train
[27-11-24 09:26] [INFO] - Using dataset: ../../data/CambridgeLandmarks/img/
[27-11-24 09:26] [INFO] - Using labels file: ../../data/CambridgeLandmarks/label/abs_cambridge_pose_sorted.csv_ShopFacade_train.csv
[27-11-24 09:26] [INFO] - Running with configuration:
	batch_size: 8
	learnable: True
	s_x: -3
	s_q: -6.5
	lr: 0.0001
	norm: 2
	weight_decay: 0.0001
	eps: 1e-10
	lr_scheduler_gamma: 0.1
	lr_scheduler_step_size: 200
	n_epochs: 600
	num_encoder_layers: 6
	dim_feedforward: 256
	hidden_dim: 256
	dropout: 0.1
	nheads: 4
	freeze: False
	reduction: ['reduction_4', 'reduction_3', 'reduction_6']
	use_prior_t_for_rot: False
	num_scenes: 4
	classify_scene: True
	freeze_exclude_phrase: regressor_head_rot
	equalize_scenes: True
	n_freq_print: 5
	n_freq_checkpoint: 50
	n_workers: 4
	device_id: cuda:0
	img_size: 224
	decoder_dim: 256
	patch_size: 2
	dt_rank: 32
	d_state: 256
	num_layers: 6
